#
# There is insufficient memory for the Java Runtime Environment to continue.
# Native memory allocation (malloc) failed to allocate 703376 bytes for Chunk::new
# Possible reasons:
#   The system is out of physical RAM or swap space
#   The process is running with CompressedOops enabled, and the Java Heap may be blocking the growth of the native heap
# Possible solutions:
#   Reduce memory load on the system
#   Increase physical memory or swap space
#   Check if swap backing store is full
#   Decrease Java heap size (-Xmx/-Xms)
#   Decrease number of Java threads
#   Decrease Java thread stack sizes (-Xss)
#   Set larger code cache with -XX:ReservedCodeCacheSize=
#   JVM is running with Unscaled Compressed Oops mode in which the Java heap is
#     placed in the first 4GB address space. The Java Heap base address is the
#     maximum limit for the native heap growth. Please use -XX:HeapBaseMinAddress
#     to set the Java Heap base and to place the Java Heap above 4GB virtual address.
# This output file may be truncated or incomplete.
#
#  Out of Memory Error (arena.cpp:189), pid=15560, tid=14252
#
# JRE version: Java(TM) SE Runtime Environment (17.0.10+11) (build 17.0.10+11-LTS-240)
# Java VM: Java HotSpot(TM) 64-Bit Server VM (17.0.10+11-LTS-240, mixed mode, sharing, tiered, compressed oops, compressed class ptrs, g1 gc, windows-amd64)
# No core dump will be written. Minidumps are not enabled by default on client versions of Windows
#

---------------  S U M M A R Y ------------

Command Line: --add-opens=java.base/java.util=ALL-UNNAMED --add-opens=java.base/java.lang=ALL-UNNAMED --add-opens=java.base/java.lang.invoke=ALL-UNNAMED --add-opens=java.prefs/java.util.prefs=ALL-UNNAMED --add-opens=java.base/java.nio.charset=ALL-UNNAMED --add-opens=java.base/java.net=ALL-UNNAMED --add-opens=java.base/java.util.concurrent.atomic=ALL-UNNAMED -XX:MaxMetaspaceSize=256m -XX:+HeapDumpOnOutOfMemoryError -Xms256m -Xmx512m -Dfile.encoding=windows-1252 -Duser.country=US -Duser.language=en -Duser.variant org.gradle.launcher.daemon.bootstrap.GradleDaemon 8.0

Host: Intel(R) Core(TM) i3-1005G1 CPU @ 1.20GHz, 4 cores, 3G,  Windows 11 , 64 bit Build 22621 (10.0.22621.3235)
Time: Mon Apr  1 00:43:43 2024 Central Daylight Time elapsed time: 62.256720 seconds (0d 0h 1m 2s)

---------------  T H R E A D  ---------------

Current thread (0x000001b33ba83610):  JavaThread "C2 CompilerThread0" daemon [_thread_in_native, id=14252, stack(0x0000004f69d00000,0x0000004f69e00000)]


Current CompileTask:
C2:  62256 2121       4       jdk.internal.org.objectweb.asm.Frame::execute (2305 bytes)

Stack: [0x0000004f69d00000,0x0000004f69e00000]
Native frames: (J=compiled Java code, j=interpreted, Vv=VM code, C=native code)
V  [jvm.dll+0x677a5a]
V  [jvm.dll+0x7d8b2d]
V  [jvm.dll+0x7da48e]
V  [jvm.dll+0x7daaf3]
V  [jvm.dll+0x2455ff]
V  [jvm.dll+0xaaafb]
V  [jvm.dll+0xab09c]
V  [jvm.dll+0x2aafef]
V  [jvm.dll+0x57fd55]
V  [jvm.dll+0x220472]
V  [jvm.dll+0x219335]
V  [jvm.dll+0x216c79]
V  [jvm.dll+0x1a3410]
V  [jvm.dll+0x226aeb]
V  [jvm.dll+0x224cab]
V  [jvm.dll+0x78e45c]
V  [jvm.dll+0x78888a]
V  [jvm.dll+0x676935]
C  [ucrtbase.dll+0x29363]
C  [KERNEL32.DLL+0x1257d]
C  [ntdll.dll+0x5aa58]


---------------  P R O C E S S  ---------------

Threads class SMR info:
_java_thread_list=0x000001b34f39aad0, length=22, elements={
0x000001b321a00360, 0x000001b33ba62810, 0x000001b33ba641e0, 0x000001b33ba7dc00,
0x000001b33ba7e5c0, 0x000001b33ba80f90, 0x000001b33ba81950, 0x000001b33ba83610,
0x000001b33ba85fe0, 0x000001b33bbf8070, 0x000001b33bc5c610, 0x000001b33bc5f2a0,
0x000001b34e9179a0, 0x000001b34e0804f0, 0x000001b34ec46880, 0x000001b34e718040,
0x000001b34e87e020, 0x000001b34e87f900, 0x000001b34f3cff80, 0x000001b34f3d09a0,
0x000001b34f3cf050, 0x000001b34f3cf560
}

Java Threads: ( => current thread )
  0x000001b321a00360 JavaThread "main" [_thread_blocked, id=8652, stack(0x0000004f69000000,0x0000004f69100000)]
  0x000001b33ba62810 JavaThread "Reference Handler" daemon [_thread_blocked, id=16028, stack(0x0000004f69700000,0x0000004f69800000)]
  0x000001b33ba641e0 JavaThread "Finalizer" daemon [_thread_blocked, id=7632, stack(0x0000004f69800000,0x0000004f69900000)]
  0x000001b33ba7dc00 JavaThread "Signal Dispatcher" daemon [_thread_blocked, id=3460, stack(0x0000004f69900000,0x0000004f69a00000)]
  0x000001b33ba7e5c0 JavaThread "Attach Listener" daemon [_thread_blocked, id=12356, stack(0x0000004f69a00000,0x0000004f69b00000)]
  0x000001b33ba80f90 JavaThread "Service Thread" daemon [_thread_blocked, id=15704, stack(0x0000004f69b00000,0x0000004f69c00000)]
  0x000001b33ba81950 JavaThread "Monitor Deflation Thread" daemon [_thread_blocked, id=16204, stack(0x0000004f69c00000,0x0000004f69d00000)]
=>0x000001b33ba83610 JavaThread "C2 CompilerThread0" daemon [_thread_in_native, id=14252, stack(0x0000004f69d00000,0x0000004f69e00000)]
  0x000001b33ba85fe0 JavaThread "C1 CompilerThread0" daemon [_thread_blocked, id=15516, stack(0x0000004f69e00000,0x0000004f69f00000)]
  0x000001b33bbf8070 JavaThread "Sweeper thread" daemon [_thread_blocked, id=5372, stack(0x0000004f69f00000,0x0000004f6a000000)]
  0x000001b33bc5c610 JavaThread "Common-Cleaner" daemon [_thread_blocked, id=15780, stack(0x0000004f6a000000,0x0000004f6a100000)]
  0x000001b33bc5f2a0 JavaThread "Notification Thread" daemon [_thread_blocked, id=2496, stack(0x0000004f6a100000,0x0000004f6a200000)]
  0x000001b34e9179a0 JavaThread "Daemon health stats" [_thread_blocked, id=5160, stack(0x0000004f6a600000,0x0000004f6a700000)]
  0x000001b34e0804f0 JavaThread "Incoming local TCP Connector on port 50860" [_thread_in_native, id=14244, stack(0x0000004f6a700000,0x0000004f6a800000)]
  0x000001b34ec46880 JavaThread "Daemon periodic checks" [_thread_blocked, id=4452, stack(0x0000004f6a800000,0x0000004f6a900000)]
  0x000001b34e718040 JavaThread "Daemon" [_thread_blocked, id=16208, stack(0x0000004f6a900000,0x0000004f6aa00000)]
  0x000001b34e87e020 JavaThread "Handler for socket connection from /127.0.0.1:50860 to /127.0.0.1:50867" [_thread_in_native, id=14736, stack(0x0000004f6aa00000,0x0000004f6ab00000)]
  0x000001b34e87f900 JavaThread "Cancel handler" [_thread_blocked, id=5984, stack(0x0000004f6ab00000,0x0000004f6ac00000)]
  0x000001b34f3cff80 JavaThread "Daemon worker" [_thread_in_vm, id=11484, stack(0x0000004f6ac00000,0x0000004f6ad00000)]
  0x000001b34f3d09a0 JavaThread "Asynchronous log dispatcher for DefaultDaemonConnection: socket connection from /127.0.0.1:50860 to /127.0.0.1:50867" [_thread_blocked, id=13288, stack(0x0000004f6ad00000,0x0000004f6ae00000)]
  0x000001b34f3cf050 JavaThread "Stdin handler" [_thread_blocked, id=15372, stack(0x0000004f6ae00000,0x0000004f6af00000)]
  0x000001b34f3cf560 JavaThread "Daemon client event forwarder" [_thread_blocked, id=10872, stack(0x0000004f6af00000,0x0000004f6b000000)]

Other Threads:
  0x000001b33ba5e2d0 VMThread "VM Thread" [stack: 0x0000004f69600000,0x0000004f69700000] [id=5612]
  0x000001b33bc61790 WatcherThread [stack: 0x0000004f6a200000,0x0000004f6a300000] [id=9276]
  0x000001b321a2f2d0 GCTaskThread "GC Thread#0" [stack: 0x0000004f69100000,0x0000004f69200000] [id=1544]
  0x000001b34e2e4cb0 GCTaskThread "GC Thread#1" [stack: 0x0000004f6a300000,0x0000004f6a400000] [id=15920]
  0x000001b34e2e4f70 GCTaskThread "GC Thread#2" [stack: 0x0000004f6a400000,0x0000004f6a500000] [id=11532]
  0x000001b34e2e5230 GCTaskThread "GC Thread#3" [stack: 0x0000004f6a500000,0x0000004f6a600000] [id=11752]
  0x000001b321a35130 ConcurrentGCThread "G1 Main Marker" [stack: 0x0000004f69200000,0x0000004f69300000] [id=13048]
  0x000001b321a36a50 ConcurrentGCThread "G1 Conc#0" [stack: 0x0000004f69300000,0x0000004f69400000] [id=824]
  0x000001b321ace990 ConcurrentGCThread "G1 Refine#0" [stack: 0x0000004f69400000,0x0000004f69500000] [id=14516]
  0x000001b33b9228b0 ConcurrentGCThread "G1 Service" [stack: 0x0000004f69500000,0x0000004f69600000] [id=1016]

Threads with active compile tasks:
C2 CompilerThread0    62290 2121       4       jdk.internal.org.objectweb.asm.Frame::execute (2305 bytes)

VM state: not at safepoint (normal execution)

VM Mutex/Monitor currently owned by a thread: None

Heap address: 0x00000000e0000000, size: 512 MB, Compressed Oops mode: 32-bit

CDS archive(s) mapped at: [0x000001b33c000000-0x000001b33cbd0000-0x000001b33cbd0000), size 12386304, SharedBaseAddress: 0x000001b33c000000, ArchiveRelocationMode: 1.
Compressed class space mapped at: 0x000001b33d000000-0x000001b34a000000, reserved size: 218103808
Narrow klass base: 0x000001b33c000000, Narrow klass shift: 0, Narrow klass range: 0x100000000

GC Precious Log:
 CPUs: 4 total, 4 available
 Memory: 3838M
 Large Page Support: Disabled
 NUMA Support: Disabled
 Compressed Oops: Enabled (32-bit)
 Heap Region Size: 1M
 Heap Min Capacity: 256M
 Heap Initial Capacity: 256M
 Heap Max Capacity: 512M
 Pre-touch: Disabled
 Parallel Workers: 4
 Concurrent Workers: 1
 Concurrent Refinement Workers: 4
 Periodic GC: Disabled

Heap:
 garbage-first heap   total 262144K, used 52152K [0x00000000e0000000, 0x0000000100000000)
  region size 1024K, 42 young (43008K), 3 survivors (3072K)
 Metaspace       used 12287K, committed 12608K, reserved 278528K
  class space    used 1698K, committed 1856K, reserved 212992K

Heap Regions: E=young(eden), S=young(survivor), O=old, HS=humongous(starts), HC=humongous(continues), CS=collection set, F=free, OA=open archive, CA=closed archive, TAMS=top-at-mark-start (previous, next)
|   0|0x00000000e0000000, 0x00000000e0100000, 0x00000000e0100000|100%| O|  |TAMS 0x00000000e0000000, 0x00000000e0000000| Untracked 
|   1|0x00000000e0100000, 0x00000000e0200000, 0x00000000e0200000|100%| O|  |TAMS 0x00000000e0100000, 0x00000000e0100000| Untracked 
|   2|0x00000000e0200000, 0x00000000e0300000, 0x00000000e0300000|100%|HS|  |TAMS 0x00000000e0200000, 0x00000000e0200000| Complete 
|   3|0x00000000e0300000, 0x00000000e0400000, 0x00000000e0400000|100%|HC|  |TAMS 0x00000000e0300000, 0x00000000e0300000| Complete 
|   4|0x00000000e0400000, 0x00000000e0500000, 0x00000000e0500000|100%|HC|  |TAMS 0x00000000e0400000, 0x00000000e0400000| Complete 
|   5|0x00000000e0500000, 0x00000000e0600000, 0x00000000e0600000|100%|HC|  |TAMS 0x00000000e0500000, 0x00000000e0500000| Complete 
|   6|0x00000000e0600000, 0x00000000e0700000, 0x00000000e0700000|100%| O|  |TAMS 0x00000000e0600000, 0x00000000e0600000| Untracked 
|   7|0x00000000e0700000, 0x00000000e0800000, 0x00000000e0800000|100%| O|  |TAMS 0x00000000e0700000, 0x00000000e0700000| Untracked 
|   8|0x00000000e0800000, 0x00000000e0800000, 0x00000000e0900000|  0%| F|  |TAMS 0x00000000e0800000, 0x00000000e0800000| Untracked 
|   9|0x00000000e0900000, 0x00000000e0a00000, 0x00000000e0a00000|100%| O|  |TAMS 0x00000000e0900000, 0x00000000e0900000| Untracked 
|  10|0x00000000e0a00000, 0x00000000e0b00000, 0x00000000e0b00000|100%| O|  |TAMS 0x00000000e0a00000, 0x00000000e0a00000| Untracked 
|  11|0x00000000e0b00000, 0x00000000e0b26000, 0x00000000e0c00000| 14%| O|  |TAMS 0x00000000e0b00000, 0x00000000e0b00000| Untracked 
|  12|0x00000000e0c00000, 0x00000000e0c00000, 0x00000000e0d00000|  0%| F|  |TAMS 0x00000000e0c00000, 0x00000000e0c00000| Untracked 
|  13|0x00000000e0d00000, 0x00000000e0d00000, 0x00000000e0e00000|  0%| F|  |TAMS 0x00000000e0d00000, 0x00000000e0d00000| Untracked 
|  14|0x00000000e0e00000, 0x00000000e0e00000, 0x00000000e0f00000|  0%| F|  |TAMS 0x00000000e0e00000, 0x00000000e0e00000| Untracked 
|  15|0x00000000e0f00000, 0x00000000e0f00000, 0x00000000e1000000|  0%| F|  |TAMS 0x00000000e0f00000, 0x00000000e0f00000| Untracked 
|  16|0x00000000e1000000, 0x00000000e1000000, 0x00000000e1100000|  0%| F|  |TAMS 0x00000000e1000000, 0x00000000e1000000| Untracked 
|  17|0x00000000e1100000, 0x00000000e1100000, 0x00000000e1200000|  0%| F|  |TAMS 0x00000000e1100000, 0x00000000e1100000| Untracked 
|  18|0x00000000e1200000, 0x00000000e1200000, 0x00000000e1300000|  0%| F|  |TAMS 0x00000000e1200000, 0x00000000e1200000| Untracked 
|  19|0x00000000e1300000, 0x00000000e1300000, 0x00000000e1400000|  0%| F|  |TAMS 0x00000000e1300000, 0x00000000e1300000| Untracked 
|  20|0x00000000e1400000, 0x00000000e1400000, 0x00000000e1500000|  0%| F|  |TAMS 0x00000000e1400000, 0x00000000e1400000| Untracked 
|  21|0x00000000e1500000, 0x00000000e1500000, 0x00000000e1600000|  0%| F|  |TAMS 0x00000000e1500000, 0x00000000e1500000| Untracked 
|  22|0x00000000e1600000, 0x00000000e1600000, 0x00000000e1700000|  0%| F|  |TAMS 0x00000000e1600000, 0x00000000e1600000| Untracked 
|  23|0x00000000e1700000, 0x00000000e1700000, 0x00000000e1800000|  0%| F|  |TAMS 0x00000000e1700000, 0x00000000e1700000| Untracked 
|  24|0x00000000e1800000, 0x00000000e1800000, 0x00000000e1900000|  0%| F|  |TAMS 0x00000000e1800000, 0x00000000e1800000| Untracked 
|  25|0x00000000e1900000, 0x00000000e1900000, 0x00000000e1a00000|  0%| F|  |TAMS 0x00000000e1900000, 0x00000000e1900000| Untracked 
|  26|0x00000000e1a00000, 0x00000000e1a00000, 0x00000000e1b00000|  0%| F|  |TAMS 0x00000000e1a00000, 0x00000000e1a00000| Untracked 
|  27|0x00000000e1b00000, 0x00000000e1b00000, 0x00000000e1c00000|  0%| F|  |TAMS 0x00000000e1b00000, 0x00000000e1b00000| Untracked 
|  28|0x00000000e1c00000, 0x00000000e1c00000, 0x00000000e1d00000|  0%| F|  |TAMS 0x00000000e1c00000, 0x00000000e1c00000| Untracked 
|  29|0x00000000e1d00000, 0x00000000e1d00000, 0x00000000e1e00000|  0%| F|  |TAMS 0x00000000e1d00000, 0x00000000e1d00000| Untracked 
|  30|0x00000000e1e00000, 0x00000000e1e00000, 0x00000000e1f00000|  0%| F|  |TAMS 0x00000000e1e00000, 0x00000000e1e00000| Untracked 
|  31|0x00000000e1f00000, 0x00000000e1f00000, 0x00000000e2000000|  0%| F|  |TAMS 0x00000000e1f00000, 0x00000000e1f00000| Untracked 
|  32|0x00000000e2000000, 0x00000000e2000000, 0x00000000e2100000|  0%| F|  |TAMS 0x00000000e2000000, 0x00000000e2000000| Untracked 
|  33|0x00000000e2100000, 0x00000000e2100000, 0x00000000e2200000|  0%| F|  |TAMS 0x00000000e2100000, 0x00000000e2100000| Untracked 
|  34|0x00000000e2200000, 0x00000000e2200000, 0x00000000e2300000|  0%| F|  |TAMS 0x00000000e2200000, 0x00000000e2200000| Untracked 
|  35|0x00000000e2300000, 0x00000000e2300000, 0x00000000e2400000|  0%| F|  |TAMS 0x00000000e2300000, 0x00000000e2300000| Untracked 
|  36|0x00000000e2400000, 0x00000000e2400000, 0x00000000e2500000|  0%| F|  |TAMS 0x00000000e2400000, 0x00000000e2400000| Untracked 
|  37|0x00000000e2500000, 0x00000000e2500000, 0x00000000e2600000|  0%| F|  |TAMS 0x00000000e2500000, 0x00000000e2500000| Untracked 
|  38|0x00000000e2600000, 0x00000000e2600000, 0x00000000e2700000|  0%| F|  |TAMS 0x00000000e2600000, 0x00000000e2600000| Untracked 
|  39|0x00000000e2700000, 0x00000000e2700000, 0x00000000e2800000|  0%| F|  |TAMS 0x00000000e2700000, 0x00000000e2700000| Untracked 
|  40|0x00000000e2800000, 0x00000000e2800000, 0x00000000e2900000|  0%| F|  |TAMS 0x00000000e2800000, 0x00000000e2800000| Untracked 
|  41|0x00000000e2900000, 0x00000000e2900000, 0x00000000e2a00000|  0%| F|  |TAMS 0x00000000e2900000, 0x00000000e2900000| Untracked 
|  42|0x00000000e2a00000, 0x00000000e2a00000, 0x00000000e2b00000|  0%| F|  |TAMS 0x00000000e2a00000, 0x00000000e2a00000| Untracked 
|  43|0x00000000e2b00000, 0x00000000e2b00000, 0x00000000e2c00000|  0%| F|  |TAMS 0x00000000e2b00000, 0x00000000e2b00000| Untracked 
|  44|0x00000000e2c00000, 0x00000000e2c00000, 0x00000000e2d00000|  0%| F|  |TAMS 0x00000000e2c00000, 0x00000000e2c00000| Untracked 
|  45|0x00000000e2d00000, 0x00000000e2d00000, 0x00000000e2e00000|  0%| F|  |TAMS 0x00000000e2d00000, 0x00000000e2d00000| Untracked 
|  46|0x00000000e2e00000, 0x00000000e2e00000, 0x00000000e2f00000|  0%| F|  |TAMS 0x00000000e2e00000, 0x00000000e2e00000| Untracked 
|  47|0x00000000e2f00000, 0x00000000e2f00000, 0x00000000e3000000|  0%| F|  |TAMS 0x00000000e2f00000, 0x00000000e2f00000| Untracked 
|  48|0x00000000e3000000, 0x00000000e3000000, 0x00000000e3100000|  0%| F|  |TAMS 0x00000000e3000000, 0x00000000e3000000| Untracked 
|  49|0x00000000e3100000, 0x00000000e3100000, 0x00000000e3200000|  0%| F|  |TAMS 0x00000000e3100000, 0x00000000e3100000| Untracked 
|  50|0x00000000e3200000, 0x00000000e3200000, 0x00000000e3300000|  0%| F|  |TAMS 0x00000000e3200000, 0x00000000e3200000| Untracked 
|  51|0x00000000e3300000, 0x00000000e3300000, 0x00000000e3400000|  0%| F|  |TAMS 0x00000000e3300000, 0x00000000e3300000| Untracked 
|  52|0x00000000e3400000, 0x00000000e3400000, 0x00000000e3500000|  0%| F|  |TAMS 0x00000000e3400000, 0x00000000e3400000| Untracked 
|  53|0x00000000e3500000, 0x00000000e3500000, 0x00000000e3600000|  0%| F|  |TAMS 0x00000000e3500000, 0x00000000e3500000| Untracked 
|  54|0x00000000e3600000, 0x00000000e3600000, 0x00000000e3700000|  0%| F|  |TAMS 0x00000000e3600000, 0x00000000e3600000| Untracked 
|  55|0x00000000e3700000, 0x00000000e3700000, 0x00000000e3800000|  0%| F|  |TAMS 0x00000000e3700000, 0x00000000e3700000| Untracked 
|  56|0x00000000e3800000, 0x00000000e3800000, 0x00000000e3900000|  0%| F|  |TAMS 0x00000000e3800000, 0x00000000e3800000| Untracked 
|  57|0x00000000e3900000, 0x00000000e3900000, 0x00000000e3a00000|  0%| F|  |TAMS 0x00000000e3900000, 0x00000000e3900000| Untracked 
|  58|0x00000000e3a00000, 0x00000000e3a00000, 0x00000000e3b00000|  0%| F|  |TAMS 0x00000000e3a00000, 0x00000000e3a00000| Untracked 
|  59|0x00000000e3b00000, 0x00000000e3b00000, 0x00000000e3c00000|  0%| F|  |TAMS 0x00000000e3b00000, 0x00000000e3b00000| Untracked 
|  60|0x00000000e3c00000, 0x00000000e3c00000, 0x00000000e3d00000|  0%| F|  |TAMS 0x00000000e3c00000, 0x00000000e3c00000| Untracked 
|  61|0x00000000e3d00000, 0x00000000e3d00000, 0x00000000e3e00000|  0%| F|  |TAMS 0x00000000e3d00000, 0x00000000e3d00000| Untracked 
|  62|0x00000000e3e00000, 0x00000000e3e00000, 0x00000000e3f00000|  0%| F|  |TAMS 0x00000000e3e00000, 0x00000000e3e00000| Untracked 
|  63|0x00000000e3f00000, 0x00000000e3f00000, 0x00000000e4000000|  0%| F|  |TAMS 0x00000000e3f00000, 0x00000000e3f00000| Untracked 
|  64|0x00000000e4000000, 0x00000000e4000000, 0x00000000e4100000|  0%| F|  |TAMS 0x00000000e4000000, 0x00000000e4000000| Untracked 
|  65|0x00000000e4100000, 0x00000000e4100000, 0x00000000e4200000|  0%| F|  |TAMS 0x00000000e4100000, 0x00000000e4100000| Untracked 
|  66|0x00000000e4200000, 0x00000000e4200000, 0x00000000e4300000|  0%| F|  |TAMS 0x00000000e4200000, 0x00000000e4200000| Untracked 
|  67|0x00000000e4300000, 0x00000000e4300000, 0x00000000e4400000|  0%| F|  |TAMS 0x00000000e4300000, 0x00000000e4300000| Untracked 
|  68|0x00000000e4400000, 0x00000000e4400000, 0x00000000e4500000|  0%| F|  |TAMS 0x00000000e4400000, 0x00000000e4400000| Untracked 
|  69|0x00000000e4500000, 0x00000000e4500000, 0x00000000e4600000|  0%| F|  |TAMS 0x00000000e4500000, 0x00000000e4500000| Untracked 
|  70|0x00000000e4600000, 0x00000000e4600000, 0x00000000e4700000|  0%| F|  |TAMS 0x00000000e4600000, 0x00000000e4600000| Untracked 
|  71|0x00000000e4700000, 0x00000000e4700000, 0x00000000e4800000|  0%| F|  |TAMS 0x00000000e4700000, 0x00000000e4700000| Untracked 
|  72|0x00000000e4800000, 0x00000000e4800000, 0x00000000e4900000|  0%| F|  |TAMS 0x00000000e4800000, 0x00000000e4800000| Untracked 
|  73|0x00000000e4900000, 0x00000000e4900000, 0x00000000e4a00000|  0%| F|  |TAMS 0x00000000e4900000, 0x00000000e4900000| Untracked 
|  74|0x00000000e4a00000, 0x00000000e4a00000, 0x00000000e4b00000|  0%| F|  |TAMS 0x00000000e4a00000, 0x00000000e4a00000| Untracked 
|  75|0x00000000e4b00000, 0x00000000e4b00000, 0x00000000e4c00000|  0%| F|  |TAMS 0x00000000e4b00000, 0x00000000e4b00000| Untracked 
|  76|0x00000000e4c00000, 0x00000000e4c00000, 0x00000000e4d00000|  0%| F|  |TAMS 0x00000000e4c00000, 0x00000000e4c00000| Untracked 
|  77|0x00000000e4d00000, 0x00000000e4d00000, 0x00000000e4e00000|  0%| F|  |TAMS 0x00000000e4d00000, 0x00000000e4d00000| Untracked 
|  78|0x00000000e4e00000, 0x00000000e4e00000, 0x00000000e4f00000|  0%| F|  |TAMS 0x00000000e4e00000, 0x00000000e4e00000| Untracked 
|  79|0x00000000e4f00000, 0x00000000e4f00000, 0x00000000e5000000|  0%| F|  |TAMS 0x00000000e4f00000, 0x00000000e4f00000| Untracked 
|  80|0x00000000e5000000, 0x00000000e5000000, 0x00000000e5100000|  0%| F|  |TAMS 0x00000000e5000000, 0x00000000e5000000| Untracked 
|  81|0x00000000e5100000, 0x00000000e5100000, 0x00000000e5200000|  0%| F|  |TAMS 0x00000000e5100000, 0x00000000e5100000| Untracked 
|  82|0x00000000e5200000, 0x00000000e5200000, 0x00000000e5300000|  0%| F|  |TAMS 0x00000000e5200000, 0x00000000e5200000| Untracked 
|  83|0x00000000e5300000, 0x00000000e5300000, 0x00000000e5400000|  0%| F|  |TAMS 0x00000000e5300000, 0x00000000e5300000| Untracked 
|  84|0x00000000e5400000, 0x00000000e5400000, 0x00000000e5500000|  0%| F|  |TAMS 0x00000000e5400000, 0x00000000e5400000| Untracked 
|  85|0x00000000e5500000, 0x00000000e5500000, 0x00000000e5600000|  0%| F|  |TAMS 0x00000000e5500000, 0x00000000e5500000| Untracked 
|  86|0x00000000e5600000, 0x00000000e5600000, 0x00000000e5700000|  0%| F|  |TAMS 0x00000000e5600000, 0x00000000e5600000| Untracked 
|  87|0x00000000e5700000, 0x00000000e5700000, 0x00000000e5800000|  0%| F|  |TAMS 0x00000000e5700000, 0x00000000e5700000| Untracked 
|  88|0x00000000e5800000, 0x00000000e5800000, 0x00000000e5900000|  0%| F|  |TAMS 0x00000000e5800000, 0x00000000e5800000| Untracked 
|  89|0x00000000e5900000, 0x00000000e5900000, 0x00000000e5a00000|  0%| F|  |TAMS 0x00000000e5900000, 0x00000000e5900000| Untracked 
|  90|0x00000000e5a00000, 0x00000000e5a00000, 0x00000000e5b00000|  0%| F|  |TAMS 0x00000000e5a00000, 0x00000000e5a00000| Untracked 
|  91|0x00000000e5b00000, 0x00000000e5b00000, 0x00000000e5c00000|  0%| F|  |TAMS 0x00000000e5b00000, 0x00000000e5b00000| Untracked 
|  92|0x00000000e5c00000, 0x00000000e5c00000, 0x00000000e5d00000|  0%| F|  |TAMS 0x00000000e5c00000, 0x00000000e5c00000| Untracked 
|  93|0x00000000e5d00000, 0x00000000e5d00000, 0x00000000e5e00000|  0%| F|  |TAMS 0x00000000e5d00000, 0x00000000e5d00000| Untracked 
|  94|0x00000000e5e00000, 0x00000000e5e00000, 0x00000000e5f00000|  0%| F|  |TAMS 0x00000000e5e00000, 0x00000000e5e00000| Untracked 
|  95|0x00000000e5f00000, 0x00000000e5f00000, 0x00000000e6000000|  0%| F|  |TAMS 0x00000000e5f00000, 0x00000000e5f00000| Untracked 
|  96|0x00000000e6000000, 0x00000000e6000000, 0x00000000e6100000|  0%| F|  |TAMS 0x00000000e6000000, 0x00000000e6000000| Untracked 
|  97|0x00000000e6100000, 0x00000000e6100000, 0x00000000e6200000|  0%| F|  |TAMS 0x00000000e6100000, 0x00000000e6100000| Untracked 
|  98|0x00000000e6200000, 0x00000000e6200000, 0x00000000e6300000|  0%| F|  |TAMS 0x00000000e6200000, 0x00000000e6200000| Untracked 
|  99|0x00000000e6300000, 0x00000000e6300000, 0x00000000e6400000|  0%| F|  |TAMS 0x00000000e6300000, 0x00000000e6300000| Untracked 
| 100|0x00000000e6400000, 0x00000000e6400000, 0x00000000e6500000|  0%| F|  |TAMS 0x00000000e6400000, 0x00000000e6400000| Untracked 
| 101|0x00000000e6500000, 0x00000000e6500000, 0x00000000e6600000|  0%| F|  |TAMS 0x00000000e6500000, 0x00000000e6500000| Untracked 
| 102|0x00000000e6600000, 0x00000000e6600000, 0x00000000e6700000|  0%| F|  |TAMS 0x00000000e6600000, 0x00000000e6600000| Untracked 
| 103|0x00000000e6700000, 0x00000000e6700000, 0x00000000e6800000|  0%| F|  |TAMS 0x00000000e6700000, 0x00000000e6700000| Untracked 
| 104|0x00000000e6800000, 0x00000000e6800000, 0x00000000e6900000|  0%| F|  |TAMS 0x00000000e6800000, 0x00000000e6800000| Untracked 
| 105|0x00000000e6900000, 0x00000000e6900000, 0x00000000e6a00000|  0%| F|  |TAMS 0x00000000e6900000, 0x00000000e6900000| Untracked 
| 106|0x00000000e6a00000, 0x00000000e6a00000, 0x00000000e6b00000|  0%| F|  |TAMS 0x00000000e6a00000, 0x00000000e6a00000| Untracked 
| 107|0x00000000e6b00000, 0x00000000e6b00000, 0x00000000e6c00000|  0%| F|  |TAMS 0x00000000e6b00000, 0x00000000e6b00000| Untracked 
| 108|0x00000000e6c00000, 0x00000000e6c00000, 0x00000000e6d00000|  0%| F|  |TAMS 0x00000000e6c00000, 0x00000000e6c00000| Untracked 
| 109|0x00000000e6d00000, 0x00000000e6d00000, 0x00000000e6e00000|  0%| F|  |TAMS 0x00000000e6d00000, 0x00000000e6d00000| Untracked 
| 110|0x00000000e6e00000, 0x00000000e6e00000, 0x00000000e6f00000|  0%| F|  |TAMS 0x00000000e6e00000, 0x00000000e6e00000| Untracked 
| 111|0x00000000e6f00000, 0x00000000e6f00000, 0x00000000e7000000|  0%| F|  |TAMS 0x00000000e6f00000, 0x00000000e6f00000| Untracked 
| 112|0x00000000e7000000, 0x00000000e7000000, 0x00000000e7100000|  0%| F|  |TAMS 0x00000000e7000000, 0x00000000e7000000| Untracked 
| 113|0x00000000e7100000, 0x00000000e7100000, 0x00000000e7200000|  0%| F|  |TAMS 0x00000000e7100000, 0x00000000e7100000| Untracked 
| 114|0x00000000e7200000, 0x00000000e7200000, 0x00000000e7300000|  0%| F|  |TAMS 0x00000000e7200000, 0x00000000e7200000| Untracked 
| 115|0x00000000e7300000, 0x00000000e7300000, 0x00000000e7400000|  0%| F|  |TAMS 0x00000000e7300000, 0x00000000e7300000| Untracked 
| 116|0x00000000e7400000, 0x00000000e7400000, 0x00000000e7500000|  0%| F|  |TAMS 0x00000000e7400000, 0x00000000e7400000| Untracked 
| 117|0x00000000e7500000, 0x00000000e7500000, 0x00000000e7600000|  0%| F|  |TAMS 0x00000000e7500000, 0x00000000e7500000| Untracked 
| 118|0x00000000e7600000, 0x00000000e7600000, 0x00000000e7700000|  0%| F|  |TAMS 0x00000000e7600000, 0x00000000e7600000| Untracked 
| 119|0x00000000e7700000, 0x00000000e7700000, 0x00000000e7800000|  0%| F|  |TAMS 0x00000000e7700000, 0x00000000e7700000| Untracked 
| 120|0x00000000e7800000, 0x00000000e7800000, 0x00000000e7900000|  0%| F|  |TAMS 0x00000000e7800000, 0x00000000e7800000| Untracked 
| 121|0x00000000e7900000, 0x00000000e7900000, 0x00000000e7a00000|  0%| F|  |TAMS 0x00000000e7900000, 0x00000000e7900000| Untracked 
| 122|0x00000000e7a00000, 0x00000000e7a00000, 0x00000000e7b00000|  0%| F|  |TAMS 0x00000000e7a00000, 0x00000000e7a00000| Untracked 
| 123|0x00000000e7b00000, 0x00000000e7b00000, 0x00000000e7c00000|  0%| F|  |TAMS 0x00000000e7b00000, 0x00000000e7b00000| Untracked 
| 124|0x00000000e7c00000, 0x00000000e7c00000, 0x00000000e7d00000|  0%| F|  |TAMS 0x00000000e7c00000, 0x00000000e7c00000| Untracked 
| 125|0x00000000e7d00000, 0x00000000e7d00000, 0x00000000e7e00000|  0%| F|  |TAMS 0x00000000e7d00000, 0x00000000e7d00000| Untracked 
| 126|0x00000000e7e00000, 0x00000000e7e00000, 0x00000000e7f00000|  0%| F|  |TAMS 0x00000000e7e00000, 0x00000000e7e00000| Untracked 
| 127|0x00000000e7f00000, 0x00000000e7f00000, 0x00000000e8000000|  0%| F|  |TAMS 0x00000000e7f00000, 0x00000000e7f00000| Untracked 
| 128|0x00000000e8000000, 0x00000000e8000000, 0x00000000e8100000|  0%| F|  |TAMS 0x00000000e8000000, 0x00000000e8000000| Untracked 
| 129|0x00000000e8100000, 0x00000000e8100000, 0x00000000e8200000|  0%| F|  |TAMS 0x00000000e8100000, 0x00000000e8100000| Untracked 
| 130|0x00000000e8200000, 0x00000000e8200000, 0x00000000e8300000|  0%| F|  |TAMS 0x00000000e8200000, 0x00000000e8200000| Untracked 
| 131|0x00000000e8300000, 0x00000000e8300000, 0x00000000e8400000|  0%| F|  |TAMS 0x00000000e8300000, 0x00000000e8300000| Untracked 
| 132|0x00000000e8400000, 0x00000000e8400000, 0x00000000e8500000|  0%| F|  |TAMS 0x00000000e8400000, 0x00000000e8400000| Untracked 
| 133|0x00000000e8500000, 0x00000000e8500000, 0x00000000e8600000|  0%| F|  |TAMS 0x00000000e8500000, 0x00000000e8500000| Untracked 
| 134|0x00000000e8600000, 0x00000000e8600000, 0x00000000e8700000|  0%| F|  |TAMS 0x00000000e8600000, 0x00000000e8600000| Untracked 
| 135|0x00000000e8700000, 0x00000000e8700000, 0x00000000e8800000|  0%| F|  |TAMS 0x00000000e8700000, 0x00000000e8700000| Untracked 
| 136|0x00000000e8800000, 0x00000000e8800000, 0x00000000e8900000|  0%| F|  |TAMS 0x00000000e8800000, 0x00000000e8800000| Untracked 
| 137|0x00000000e8900000, 0x00000000e8900000, 0x00000000e8a00000|  0%| F|  |TAMS 0x00000000e8900000, 0x00000000e8900000| Untracked 
| 138|0x00000000e8a00000, 0x00000000e8a00000, 0x00000000e8b00000|  0%| F|  |TAMS 0x00000000e8a00000, 0x00000000e8a00000| Untracked 
| 139|0x00000000e8b00000, 0x00000000e8b00000, 0x00000000e8c00000|  0%| F|  |TAMS 0x00000000e8b00000, 0x00000000e8b00000| Untracked 
| 140|0x00000000e8c00000, 0x00000000e8c00000, 0x00000000e8d00000|  0%| F|  |TAMS 0x00000000e8c00000, 0x00000000e8c00000| Untracked 
| 141|0x00000000e8d00000, 0x00000000e8d00000, 0x00000000e8e00000|  0%| F|  |TAMS 0x00000000e8d00000, 0x00000000e8d00000| Untracked 
| 142|0x00000000e8e00000, 0x00000000e8e00000, 0x00000000e8f00000|  0%| F|  |TAMS 0x00000000e8e00000, 0x00000000e8e00000| Untracked 
| 143|0x00000000e8f00000, 0x00000000e8f00000, 0x00000000e9000000|  0%| F|  |TAMS 0x00000000e8f00000, 0x00000000e8f00000| Untracked 
| 144|0x00000000e9000000, 0x00000000e9000000, 0x00000000e9100000|  0%| F|  |TAMS 0x00000000e9000000, 0x00000000e9000000| Untracked 
| 145|0x00000000e9100000, 0x00000000e9100000, 0x00000000e9200000|  0%| F|  |TAMS 0x00000000e9100000, 0x00000000e9100000| Untracked 
| 146|0x00000000e9200000, 0x00000000e9200000, 0x00000000e9300000|  0%| F|  |TAMS 0x00000000e9200000, 0x00000000e9200000| Untracked 
| 147|0x00000000e9300000, 0x00000000e9300000, 0x00000000e9400000|  0%| F|  |TAMS 0x00000000e9300000, 0x00000000e9300000| Untracked 
| 148|0x00000000e9400000, 0x00000000e9400000, 0x00000000e9500000|  0%| F|  |TAMS 0x00000000e9400000, 0x00000000e9400000| Untracked 
| 149|0x00000000e9500000, 0x00000000e9500000, 0x00000000e9600000|  0%| F|  |TAMS 0x00000000e9500000, 0x00000000e9500000| Untracked 
| 150|0x00000000e9600000, 0x00000000e9600000, 0x00000000e9700000|  0%| F|  |TAMS 0x00000000e9600000, 0x00000000e9600000| Untracked 
| 151|0x00000000e9700000, 0x00000000e9700000, 0x00000000e9800000|  0%| F|  |TAMS 0x00000000e9700000, 0x00000000e9700000| Untracked 
| 152|0x00000000e9800000, 0x00000000e9800000, 0x00000000e9900000|  0%| F|  |TAMS 0x00000000e9800000, 0x00000000e9800000| Untracked 
| 153|0x00000000e9900000, 0x00000000e9900000, 0x00000000e9a00000|  0%| F|  |TAMS 0x00000000e9900000, 0x00000000e9900000| Untracked 
| 154|0x00000000e9a00000, 0x00000000e9a00000, 0x00000000e9b00000|  0%| F|  |TAMS 0x00000000e9a00000, 0x00000000e9a00000| Untracked 
| 155|0x00000000e9b00000, 0x00000000e9b00000, 0x00000000e9c00000|  0%| F|  |TAMS 0x00000000e9b00000, 0x00000000e9b00000| Untracked 
| 156|0x00000000e9c00000, 0x00000000e9c00000, 0x00000000e9d00000|  0%| F|  |TAMS 0x00000000e9c00000, 0x00000000e9c00000| Untracked 
| 157|0x00000000e9d00000, 0x00000000e9d00000, 0x00000000e9e00000|  0%| F|  |TAMS 0x00000000e9d00000, 0x00000000e9d00000| Untracked 
| 158|0x00000000e9e00000, 0x00000000e9e00000, 0x00000000e9f00000|  0%| F|  |TAMS 0x00000000e9e00000, 0x00000000e9e00000| Untracked 
| 159|0x00000000e9f00000, 0x00000000e9f00000, 0x00000000ea000000|  0%| F|  |TAMS 0x00000000e9f00000, 0x00000000e9f00000| Untracked 
| 160|0x00000000ea000000, 0x00000000ea000000, 0x00000000ea100000|  0%| F|  |TAMS 0x00000000ea000000, 0x00000000ea000000| Untracked 
| 161|0x00000000ea100000, 0x00000000ea100000, 0x00000000ea200000|  0%| F|  |TAMS 0x00000000ea100000, 0x00000000ea100000| Untracked 
| 162|0x00000000ea200000, 0x00000000ea200000, 0x00000000ea300000|  0%| F|  |TAMS 0x00000000ea200000, 0x00000000ea200000| Untracked 
| 163|0x00000000ea300000, 0x00000000ea300000, 0x00000000ea400000|  0%| F|  |TAMS 0x00000000ea300000, 0x00000000ea300000| Untracked 
| 164|0x00000000ea400000, 0x00000000ea400000, 0x00000000ea500000|  0%| F|  |TAMS 0x00000000ea400000, 0x00000000ea400000| Untracked 
| 165|0x00000000ea500000, 0x00000000ea500000, 0x00000000ea600000|  0%| F|  |TAMS 0x00000000ea500000, 0x00000000ea500000| Untracked 
| 166|0x00000000ea600000, 0x00000000ea600000, 0x00000000ea700000|  0%| F|  |TAMS 0x00000000ea600000, 0x00000000ea600000| Untracked 
| 167|0x00000000ea700000, 0x00000000ea700000, 0x00000000ea800000|  0%| F|  |TAMS 0x00000000ea700000, 0x00000000ea700000| Untracked 
| 168|0x00000000ea800000, 0x00000000ea800000, 0x00000000ea900000|  0%| F|  |TAMS 0x00000000ea800000, 0x00000000ea800000| Untracked 
| 169|0x00000000ea900000, 0x00000000ea900000, 0x00000000eaa00000|  0%| F|  |TAMS 0x00000000ea900000, 0x00000000ea900000| Untracked 
| 170|0x00000000eaa00000, 0x00000000eaa00000, 0x00000000eab00000|  0%| F|  |TAMS 0x00000000eaa00000, 0x00000000eaa00000| Untracked 
| 171|0x00000000eab00000, 0x00000000eab00000, 0x00000000eac00000|  0%| F|  |TAMS 0x00000000eab00000, 0x00000000eab00000| Untracked 
| 172|0x00000000eac00000, 0x00000000eac00000, 0x00000000ead00000|  0%| F|  |TAMS 0x00000000eac00000, 0x00000000eac00000| Untracked 
| 173|0x00000000ead00000, 0x00000000ead00000, 0x00000000eae00000|  0%| F|  |TAMS 0x00000000ead00000, 0x00000000ead00000| Untracked 
| 174|0x00000000eae00000, 0x00000000eae00000, 0x00000000eaf00000|  0%| F|  |TAMS 0x00000000eae00000, 0x00000000eae00000| Untracked 
| 175|0x00000000eaf00000, 0x00000000eaf00000, 0x00000000eb000000|  0%| F|  |TAMS 0x00000000eaf00000, 0x00000000eaf00000| Untracked 
| 176|0x00000000eb000000, 0x00000000eb000000, 0x00000000eb100000|  0%| F|  |TAMS 0x00000000eb000000, 0x00000000eb000000| Untracked 
| 177|0x00000000eb100000, 0x00000000eb100000, 0x00000000eb200000|  0%| F|  |TAMS 0x00000000eb100000, 0x00000000eb100000| Untracked 
| 178|0x00000000eb200000, 0x00000000eb200000, 0x00000000eb300000|  0%| F|  |TAMS 0x00000000eb200000, 0x00000000eb200000| Untracked 
| 179|0x00000000eb300000, 0x00000000eb300000, 0x00000000eb400000|  0%| F|  |TAMS 0x00000000eb300000, 0x00000000eb300000| Untracked 
| 180|0x00000000eb400000, 0x00000000eb400000, 0x00000000eb500000|  0%| F|  |TAMS 0x00000000eb400000, 0x00000000eb400000| Untracked 
| 181|0x00000000eb500000, 0x00000000eb500000, 0x00000000eb600000|  0%| F|  |TAMS 0x00000000eb500000, 0x00000000eb500000| Untracked 
| 182|0x00000000eb600000, 0x00000000eb600000, 0x00000000eb700000|  0%| F|  |TAMS 0x00000000eb600000, 0x00000000eb600000| Untracked 
| 183|0x00000000eb700000, 0x00000000eb700000, 0x00000000eb800000|  0%| F|  |TAMS 0x00000000eb700000, 0x00000000eb700000| Untracked 
| 184|0x00000000eb800000, 0x00000000eb800000, 0x00000000eb900000|  0%| F|  |TAMS 0x00000000eb800000, 0x00000000eb800000| Untracked 
| 185|0x00000000eb900000, 0x00000000eb900000, 0x00000000eba00000|  0%| F|  |TAMS 0x00000000eb900000, 0x00000000eb900000| Untracked 
| 186|0x00000000eba00000, 0x00000000eba00000, 0x00000000ebb00000|  0%| F|  |TAMS 0x00000000eba00000, 0x00000000eba00000| Untracked 
| 187|0x00000000ebb00000, 0x00000000ebb00000, 0x00000000ebc00000|  0%| F|  |TAMS 0x00000000ebb00000, 0x00000000ebb00000| Untracked 
| 188|0x00000000ebc00000, 0x00000000ebc00000, 0x00000000ebd00000|  0%| F|  |TAMS 0x00000000ebc00000, 0x00000000ebc00000| Untracked 
| 189|0x00000000ebd00000, 0x00000000ebd00000, 0x00000000ebe00000|  0%| F|  |TAMS 0x00000000ebd00000, 0x00000000ebd00000| Untracked 
| 190|0x00000000ebe00000, 0x00000000ebe00000, 0x00000000ebf00000|  0%| F|  |TAMS 0x00000000ebe00000, 0x00000000ebe00000| Untracked 
| 191|0x00000000ebf00000, 0x00000000ebf00000, 0x00000000ec000000|  0%| F|  |TAMS 0x00000000ebf00000, 0x00000000ebf00000| Untracked 
| 192|0x00000000ec000000, 0x00000000ec000000, 0x00000000ec100000|  0%| F|  |TAMS 0x00000000ec000000, 0x00000000ec000000| Untracked 
| 193|0x00000000ec100000, 0x00000000ec100000, 0x00000000ec200000|  0%| F|  |TAMS 0x00000000ec100000, 0x00000000ec100000| Untracked 
| 194|0x00000000ec200000, 0x00000000ec200000, 0x00000000ec300000|  0%| F|  |TAMS 0x00000000ec200000, 0x00000000ec200000| Untracked 
| 195|0x00000000ec300000, 0x00000000ec300000, 0x00000000ec400000|  0%| F|  |TAMS 0x00000000ec300000, 0x00000000ec300000| Untracked 
| 196|0x00000000ec400000, 0x00000000ec400000, 0x00000000ec500000|  0%| F|  |TAMS 0x00000000ec400000, 0x00000000ec400000| Untracked 
| 197|0x00000000ec500000, 0x00000000ec500000, 0x00000000ec600000|  0%| F|  |TAMS 0x00000000ec500000, 0x00000000ec500000| Untracked 
| 198|0x00000000ec600000, 0x00000000ec600000, 0x00000000ec700000|  0%| F|  |TAMS 0x00000000ec600000, 0x00000000ec600000| Untracked 
| 199|0x00000000ec700000, 0x00000000ec700000, 0x00000000ec800000|  0%| F|  |TAMS 0x00000000ec700000, 0x00000000ec700000| Untracked 
| 200|0x00000000ec800000, 0x00000000ec800000, 0x00000000ec900000|  0%| F|  |TAMS 0x00000000ec800000, 0x00000000ec800000| Untracked 
| 201|0x00000000ec900000, 0x00000000ec900000, 0x00000000eca00000|  0%| F|  |TAMS 0x00000000ec900000, 0x00000000ec900000| Untracked 
| 202|0x00000000eca00000, 0x00000000eca00000, 0x00000000ecb00000|  0%| F|  |TAMS 0x00000000eca00000, 0x00000000eca00000| Untracked 
| 203|0x00000000ecb00000, 0x00000000ecb00000, 0x00000000ecc00000|  0%| F|  |TAMS 0x00000000ecb00000, 0x00000000ecb00000| Untracked 
| 204|0x00000000ecc00000, 0x00000000ecc00000, 0x00000000ecd00000|  0%| F|  |TAMS 0x00000000ecc00000, 0x00000000ecc00000| Untracked 
| 205|0x00000000ecd00000, 0x00000000ecd00000, 0x00000000ece00000|  0%| F|  |TAMS 0x00000000ecd00000, 0x00000000ecd00000| Untracked 
| 206|0x00000000ece00000, 0x00000000ece00000, 0x00000000ecf00000|  0%| F|  |TAMS 0x00000000ece00000, 0x00000000ece00000| Untracked 
| 207|0x00000000ecf00000, 0x00000000ecf00000, 0x00000000ed000000|  0%| F|  |TAMS 0x00000000ecf00000, 0x00000000ecf00000| Untracked 
| 208|0x00000000ed000000, 0x00000000ed000000, 0x00000000ed100000|  0%| F|  |TAMS 0x00000000ed000000, 0x00000000ed000000| Untracked 
| 209|0x00000000ed100000, 0x00000000ed100000, 0x00000000ed200000|  0%| F|  |TAMS 0x00000000ed100000, 0x00000000ed100000| Untracked 
| 210|0x00000000ed200000, 0x00000000ed200000, 0x00000000ed300000|  0%| F|  |TAMS 0x00000000ed200000, 0x00000000ed200000| Untracked 
| 211|0x00000000ed300000, 0x00000000ed300000, 0x00000000ed400000|  0%| F|  |TAMS 0x00000000ed300000, 0x00000000ed300000| Untracked 
| 212|0x00000000ed400000, 0x00000000ed400000, 0x00000000ed500000|  0%| F|  |TAMS 0x00000000ed400000, 0x00000000ed400000| Untracked 
| 213|0x00000000ed500000, 0x00000000ed500000, 0x00000000ed600000|  0%| F|  |TAMS 0x00000000ed500000, 0x00000000ed500000| Untracked 
| 214|0x00000000ed600000, 0x00000000ed680800, 0x00000000ed700000| 50%| E|  |TAMS 0x00000000ed600000, 0x00000000ed600000| Complete 
| 215|0x00000000ed700000, 0x00000000ed800000, 0x00000000ed800000|100%| E|CS|TAMS 0x00000000ed700000, 0x00000000ed700000| Complete 
| 216|0x00000000ed800000, 0x00000000ed900000, 0x00000000ed900000|100%| E|CS|TAMS 0x00000000ed800000, 0x00000000ed800000| Complete 
| 217|0x00000000ed900000, 0x00000000eda00000, 0x00000000eda00000|100%| E|CS|TAMS 0x00000000ed900000, 0x00000000ed900000| Complete 
| 218|0x00000000eda00000, 0x00000000edb00000, 0x00000000edb00000|100%| E|CS|TAMS 0x00000000eda00000, 0x00000000eda00000| Complete 
| 219|0x00000000edb00000, 0x00000000edc00000, 0x00000000edc00000|100%| E|CS|TAMS 0x00000000edb00000, 0x00000000edb00000| Complete 
| 220|0x00000000edc00000, 0x00000000edd00000, 0x00000000edd00000|100%| E|CS|TAMS 0x00000000edc00000, 0x00000000edc00000| Complete 
| 221|0x00000000edd00000, 0x00000000ede00000, 0x00000000ede00000|100%| E|CS|TAMS 0x00000000edd00000, 0x00000000edd00000| Complete 
| 222|0x00000000ede00000, 0x00000000edf00000, 0x00000000edf00000|100%| E|CS|TAMS 0x00000000ede00000, 0x00000000ede00000| Complete 
| 223|0x00000000edf00000, 0x00000000ee000000, 0x00000000ee000000|100%| E|CS|TAMS 0x00000000edf00000, 0x00000000edf00000| Complete 
| 224|0x00000000ee000000, 0x00000000ee100000, 0x00000000ee100000|100%| E|CS|TAMS 0x00000000ee000000, 0x00000000ee000000| Complete 
| 225|0x00000000ee100000, 0x00000000ee200000, 0x00000000ee200000|100%| E|CS|TAMS 0x00000000ee100000, 0x00000000ee100000| Complete 
| 226|0x00000000ee200000, 0x00000000ee300000, 0x00000000ee300000|100%| E|CS|TAMS 0x00000000ee200000, 0x00000000ee200000| Complete 
| 227|0x00000000ee300000, 0x00000000ee400000, 0x00000000ee400000|100%| E|CS|TAMS 0x00000000ee300000, 0x00000000ee300000| Complete 
| 228|0x00000000ee400000, 0x00000000ee4c8298, 0x00000000ee500000| 78%| S|CS|TAMS 0x00000000ee400000, 0x00000000ee400000| Complete 
| 229|0x00000000ee500000, 0x00000000ee600000, 0x00000000ee600000|100%| S|CS|TAMS 0x00000000ee500000, 0x00000000ee500000| Complete 
| 230|0x00000000ee600000, 0x00000000ee700000, 0x00000000ee700000|100%| S|CS|TAMS 0x00000000ee600000, 0x00000000ee600000| Complete 
| 231|0x00000000ee700000, 0x00000000ee800000, 0x00000000ee800000|100%| E|CS|TAMS 0x00000000ee700000, 0x00000000ee700000| Complete 
| 232|0x00000000ee800000, 0x00000000ee900000, 0x00000000ee900000|100%| E|CS|TAMS 0x00000000ee800000, 0x00000000ee800000| Complete 
| 233|0x00000000ee900000, 0x00000000eea00000, 0x00000000eea00000|100%| E|CS|TAMS 0x00000000ee900000, 0x00000000ee900000| Complete 
| 234|0x00000000eea00000, 0x00000000eeb00000, 0x00000000eeb00000|100%| E|CS|TAMS 0x00000000eea00000, 0x00000000eea00000| Complete 
| 235|0x00000000eeb00000, 0x00000000eec00000, 0x00000000eec00000|100%| E|CS|TAMS 0x00000000eeb00000, 0x00000000eeb00000| Complete 
| 236|0x00000000eec00000, 0x00000000eed00000, 0x00000000eed00000|100%| E|CS|TAMS 0x00000000eec00000, 0x00000000eec00000| Complete 
| 237|0x00000000eed00000, 0x00000000eee00000, 0x00000000eee00000|100%| E|CS|TAMS 0x00000000eed00000, 0x00000000eed00000| Complete 
| 238|0x00000000eee00000, 0x00000000eef00000, 0x00000000eef00000|100%| E|CS|TAMS 0x00000000eee00000, 0x00000000eee00000| Complete 
| 239|0x00000000eef00000, 0x00000000ef000000, 0x00000000ef000000|100%| E|CS|TAMS 0x00000000eef00000, 0x00000000eef00000| Complete 
| 240|0x00000000ef000000, 0x00000000ef100000, 0x00000000ef100000|100%| E|CS|TAMS 0x00000000ef000000, 0x00000000ef000000| Complete 
| 241|0x00000000ef100000, 0x00000000ef200000, 0x00000000ef200000|100%| E|CS|TAMS 0x00000000ef100000, 0x00000000ef100000| Complete 
| 242|0x00000000ef200000, 0x00000000ef300000, 0x00000000ef300000|100%| E|CS|TAMS 0x00000000ef200000, 0x00000000ef200000| Complete 
| 243|0x00000000ef300000, 0x00000000ef400000, 0x00000000ef400000|100%| E|CS|TAMS 0x00000000ef300000, 0x00000000ef300000| Complete 
| 244|0x00000000ef400000, 0x00000000ef500000, 0x00000000ef500000|100%| E|CS|TAMS 0x00000000ef400000, 0x00000000ef400000| Complete 
| 245|0x00000000ef500000, 0x00000000ef600000, 0x00000000ef600000|100%| E|CS|TAMS 0x00000000ef500000, 0x00000000ef500000| Complete 
| 246|0x00000000ef600000, 0x00000000ef700000, 0x00000000ef700000|100%| E|CS|TAMS 0x00000000ef600000, 0x00000000ef600000| Complete 
| 247|0x00000000ef700000, 0x00000000ef800000, 0x00000000ef800000|100%| E|CS|TAMS 0x00000000ef700000, 0x00000000ef700000| Complete 
| 248|0x00000000ef800000, 0x00000000ef900000, 0x00000000ef900000|100%| E|CS|TAMS 0x00000000ef800000, 0x00000000ef800000| Complete 
| 249|0x00000000ef900000, 0x00000000efa00000, 0x00000000efa00000|100%| E|CS|TAMS 0x00000000ef900000, 0x00000000ef900000| Complete 
| 250|0x00000000efa00000, 0x00000000efb00000, 0x00000000efb00000|100%| E|CS|TAMS 0x00000000efa00000, 0x00000000efa00000| Complete 
| 251|0x00000000efb00000, 0x00000000efc00000, 0x00000000efc00000|100%| E|CS|TAMS 0x00000000efb00000, 0x00000000efb00000| Complete 
| 252|0x00000000efc00000, 0x00000000efd00000, 0x00000000efd00000|100%| E|CS|TAMS 0x00000000efc00000, 0x00000000efc00000| Complete 
| 253|0x00000000efd00000, 0x00000000efe00000, 0x00000000efe00000|100%| E|CS|TAMS 0x00000000efd00000, 0x00000000efd00000| Complete 
| 254|0x00000000efe00000, 0x00000000eff00000, 0x00000000eff00000|100%| E|CS|TAMS 0x00000000efe00000, 0x00000000efe00000| Complete 
| 255|0x00000000eff00000, 0x00000000f0000000, 0x00000000f0000000|100%| E|CS|TAMS 0x00000000eff00000, 0x00000000eff00000| Complete 

Card table byte_map: [0x000001b3382b0000,0x000001b3383b0000] _byte_map_base: 0x000001b337bb0000

Marking Bits (Prev, Next): (CMBitMap*) 0x000001b321a30800, (CMBitMap*) 0x000001b321a30840
 Prev Bits: [0x000001b3384b0000, 0x000001b338cb0000)
 Next Bits: [0x000001b338cb0000, 0x000001b3394b0000)

Polling page: 0x000001b3211d0000

Metaspace:

Usage:
  Non-class:     10.34 MB used.
      Class:      1.66 MB used.
       Both:     12.00 MB used.

Virtual space:
  Non-class space:       64.00 MB reserved,      10.50 MB ( 16%) committed,  1 nodes.
      Class space:      208.00 MB reserved,       1.81 MB ( <1%) committed,  1 nodes.
             Both:      272.00 MB reserved,      12.31 MB (  5%) committed. 

Chunk freelists:
   Non-Class:  5.28 MB
       Class:  14.17 MB
        Both:  19.45 MB

MaxMetaspaceSize: 256.00 MB
CompressedClassSpaceSize: 208.00 MB
Initial GC threshold: 21.00 MB
Current GC threshold: 21.00 MB
CDS: on
MetaspaceReclaimPolicy: balanced
 - commit_granule_bytes: 65536.
 - commit_granule_words: 8192.
 - virtual_space_node_default_size: 8388608.
 - enlarge_chunks_in_place: 1.
 - new_chunks_are_fully_committed: 0.
 - uncommit_free_chunks: 1.
 - use_allocation_guard: 0.
 - handle_deallocations: 1.


Internal statistics:

num_allocs_failed_limit: 0.
num_arena_births: 198.
num_arena_deaths: 0.
num_vsnodes_births: 2.
num_vsnodes_deaths: 0.
num_space_committed: 197.
num_space_uncommitted: 0.
num_chunks_returned_to_freelist: 0.
num_chunks_taken_from_freelist: 543.
num_chunk_merges: 0.
num_chunk_splits: 368.
num_chunks_enlarged: 275.
num_inconsistent_stats: 0.

CodeHeap 'non-profiled nmethods': size=120000Kb used=988Kb max_used=988Kb free=119011Kb
 bounds [0x000001b330d80000, 0x000001b330ff0000, 0x000001b3382b0000]
CodeHeap 'profiled nmethods': size=120000Kb used=4281Kb max_used=4281Kb free=115718Kb
 bounds [0x000001b3292b0000, 0x000001b3296e0000, 0x000001b3307e0000]
CodeHeap 'non-nmethods': size=5760Kb used=1218Kb max_used=1232Kb free=4541Kb
 bounds [0x000001b3307e0000, 0x000001b330a50000, 0x000001b330d80000]
 total_blobs=2632 nmethods=2124 adapters=420
 compilation: enabled
              stopped_count=0, restarted_count=0
 full_count=0

Compilation events (20 events):
Event: 62.139 Thread 0x000001b33ba85fe0 2125       3       java.lang.invoke.DirectMethodHandle::make (275 bytes)
Event: 62.141 Thread 0x000001b33ba85fe0 nmethod 2125 0x000001b3296d7990 code [0x000001b3296d7d20, 0x000001b3296d91b8]
Event: 62.142 Thread 0x000001b33ba85fe0 2129       3       java.lang.invoke.InvokerBytecodeGenerator::emitPushArguments (45 bytes)
Event: 62.142 Thread 0x000001b33ba85fe0 nmethod 2129 0x000001b3296d9a10 code [0x000001b3296d9c00, 0x000001b3296da078]
Event: 62.142 Thread 0x000001b33ba85fe0 2130       3       java.lang.invoke.LambdaForm$NamedFunction::member (26 bytes)
Event: 62.143 Thread 0x000001b33ba85fe0 nmethod 2130 0x000001b3296da310 code [0x000001b3296da4a0, 0x000001b3296da5b8]
Event: 62.143 Thread 0x000001b33ba85fe0 2131       3       java.lang.invoke.InvokerBytecodeGenerator::isStaticallyInvocable (165 bytes)
Event: 62.147 Thread 0x000001b33ba85fe0 nmethod 2131 0x000001b3296da690 code [0x000001b3296daac0, 0x000001b3296dc788]
Event: 62.147 Thread 0x000001b33ba85fe0 2126       3       java.lang.invoke.MemberName::isField (8 bytes)
Event: 62.147 Thread 0x000001b33ba85fe0 nmethod 2126 0x000001b3296dcf10 code [0x000001b3296dd0c0, 0x000001b3296dd2f8]
Event: 62.147 Thread 0x000001b33ba85fe0 2127       3       java.lang.invoke.LambdaFormBuffer::ownedCount (7 bytes)
Event: 62.147 Thread 0x000001b33ba85fe0 nmethod 2127 0x000001b3296dd410 code [0x000001b3296dd5a0, 0x000001b3296dd6b8]
Event: 62.149 Thread 0x000001b33ba85fe0 2133       3       java.nio.ByteOrder::nativeOrder (4 bytes)
Event: 62.150 Thread 0x000001b33ba85fe0 nmethod 2133 0x000001b3296dd790 code [0x000001b3296dd920, 0x000001b3296dda18]
Event: 62.150 Thread 0x000001b33ba85fe0 2132       1       java.lang.reflect.Constructor::getModifiers (5 bytes)
Event: 62.150 Thread 0x000001b33ba85fe0 nmethod 2132 0x000001b330e76e90 code [0x000001b330e77020, 0x000001b330e770f8]
Event: 62.152 Thread 0x000001b33ba85fe0 2134       3       java.lang.Class::isAnnotation (17 bytes)
Event: 62.152 Thread 0x000001b33ba85fe0 nmethod 2134 0x000001b3296dda90 code [0x000001b3296ddc20, 0x000001b3296dddb8]
Event: 62.229 Thread 0x000001b33ba85fe0 2135       3       java.util.concurrent.locks.ReentrantLock::unlock (10 bytes)
Event: 62.229 Thread 0x000001b33ba85fe0 nmethod 2135 0x000001b3296dde90 code [0x000001b3296de060, 0x000001b3296de338]

GC Heap History (6 events):
Event: 9.672 GC heap before
{Heap before GC invocations=0 (full 0):
 garbage-first heap   total 262144K, used 12288K [0x00000000e0000000, 0x0000000100000000)
  region size 1024K, 13 young (13312K), 0 survivors (0K)
 Metaspace       used 948K, committed 1088K, reserved 278528K
  class space    used 74K, committed 128K, reserved 212992K
}
Event: 10.026 GC heap after
{Heap after GC invocations=1 (full 0):
 garbage-first heap   total 262144K, used 3741K [0x00000000e0000000, 0x0000000100000000)
  region size 1024K, 2 young (2048K), 2 survivors (2048K)
 Metaspace       used 948K, committed 1088K, reserved 278528K
  class space    used 74K, committed 128K, reserved 212992K
}
Event: 20.241 GC heap before
{Heap before GC invocations=1 (full 0):
 garbage-first heap   total 262144K, used 23197K [0x00000000e0000000, 0x0000000100000000)
  region size 1024K, 17 young (17408K), 2 survivors (2048K)
 Metaspace       used 3818K, committed 3968K, reserved 278528K
  class space    used 474K, committed 576K, reserved 212992K
}
Event: 20.245 GC heap after
{Heap after GC invocations=2 (full 0):
 garbage-first heap   total 262144K, used 10554K [0x00000000e0000000, 0x0000000100000000)
  region size 1024K, 3 young (3072K), 3 survivors (3072K)
 Metaspace       used 3818K, committed 3968K, reserved 278528K
  class space    used 474K, committed 576K, reserved 212992K
}
Event: 25.527 GC heap before
{Heap before GC invocations=2 (full 0):
 garbage-first heap   total 262144K, used 33082K [0x00000000e0000000, 0x0000000100000000)
  region size 1024K, 25 young (25600K), 3 survivors (3072K)
 Metaspace       used 3941K, committed 4096K, reserved 278528K
  class space    used 475K, committed 576K, reserved 212992K
}
Event: 25.530 GC heap after
{Heap after GC invocations=3 (full 0):
 garbage-first heap   total 262144K, used 13240K [0x00000000e0000000, 0x0000000100000000)
  region size 1024K, 3 young (3072K), 3 survivors (3072K)
 Metaspace       used 3941K, committed 4096K, reserved 278528K
  class space    used 475K, committed 576K, reserved 212992K
}

Deoptimization events (20 events):
Event: 52.684 Thread 0x000001b34e0804f0 Uncommon trap: trap_request=0xffffffc6 fr.pc=0x000001b330df6ea8 relative=0x0000000000000088
Event: 52.684 Thread 0x000001b34e0804f0 Uncommon trap: reason=bimorphic_or_optimized_type_check action=maybe_recompile pc=0x000001b330df6ea8 method=java.util.AbstractList$Itr.hasNext()Z @ 8 c2
Event: 52.684 Thread 0x000001b34e0804f0 DEOPT PACKING pc=0x000001b330df6ea8 sp=0x0000004f6a7fde50
Event: 52.684 Thread 0x000001b34e0804f0 DEOPT UNPACKING pc=0x000001b330835ba3 sp=0x0000004f6a7fdde8 mode 2
Event: 52.684 Thread 0x000001b34e0804f0 Uncommon trap: trap_request=0xffffffc6 fr.pc=0x000001b330df72a4 relative=0x0000000000000104
Event: 52.684 Thread 0x000001b34e0804f0 Uncommon trap: reason=bimorphic_or_optimized_type_check action=maybe_recompile pc=0x000001b330df72a4 method=java.util.AbstractList$Itr.next()Ljava/lang/Object; @ 14 c2
Event: 52.684 Thread 0x000001b34e0804f0 DEOPT PACKING pc=0x000001b330df72a4 sp=0x0000004f6a7fde40
Event: 52.684 Thread 0x000001b34e0804f0 DEOPT UNPACKING pc=0x000001b330835ba3 sp=0x0000004f6a7fddd8 mode 2
Event: 59.323 Thread 0x000001b34f3cff80 Uncommon trap: trap_request=0xffffff45 fr.pc=0x000001b330e21ff0 relative=0x0000000000001250
Event: 59.323 Thread 0x000001b34f3cff80 Uncommon trap: reason=unstable_if action=reinterpret pc=0x000001b330e21ff0 method=java.util.concurrent.ConcurrentHashMap.putVal(Ljava/lang/Object;Ljava/lang/Object;Z)Ljava/lang/Object; @ 231 c2
Event: 59.323 Thread 0x000001b34f3cff80 DEOPT PACKING pc=0x000001b330e21ff0 sp=0x0000004f6acfe8c0
Event: 59.323 Thread 0x000001b34f3cff80 DEOPT UNPACKING pc=0x000001b330835ba3 sp=0x0000004f6acfe830 mode 2
Event: 60.790 Thread 0x000001b34f3cff80 Uncommon trap: trap_request=0xffffff45 fr.pc=0x000001b330dba70c relative=0x000000000000024c
Event: 60.790 Thread 0x000001b34f3cff80 Uncommon trap: reason=unstable_if action=reinterpret pc=0x000001b330dba70c method=java.util.HashMap.getNode(Ljava/lang/Object;)Ljava/util/HashMap$Node; @ 66 c2
Event: 60.790 Thread 0x000001b34f3cff80 DEOPT PACKING pc=0x000001b330dba70c sp=0x0000004f6acfbfc0
Event: 60.790 Thread 0x000001b34f3cff80 DEOPT UNPACKING pc=0x000001b330835ba3 sp=0x0000004f6acfbf40 mode 2
Event: 60.841 Thread 0x000001b34f3cff80 Uncommon trap: trap_request=0xffffff45 fr.pc=0x000001b330e28134 relative=0x00000000000003f4
Event: 60.841 Thread 0x000001b34f3cff80 Uncommon trap: reason=unstable_if action=reinterpret pc=0x000001b330e28134 method=java.util.concurrent.ConcurrentHashMap.get(Ljava/lang/Object;)Ljava/lang/Object; @ 152 c2
Event: 60.841 Thread 0x000001b34f3cff80 DEOPT PACKING pc=0x000001b330e28134 sp=0x0000004f6acfb500
Event: 60.842 Thread 0x000001b34f3cff80 DEOPT UNPACKING pc=0x000001b330835ba3 sp=0x0000004f6acfb488 mode 2

Classes unloaded (0 events):
No events

Classes redefined (0 events):
No events

Internal exceptions (20 events):
Event: 34.579 Thread 0x000001b321a00360 Exception <a 'java/lang/NoSuchMethodError'{0x00000000ef27e970}: 'java.lang.Object java.lang.invoke.DirectMethodHandle$Holder.invokeStaticInit(java.lang.Object)'> (0x00000000ef27e970) 
thrown [s\open\src\hotspot\share\interpreter\linkResolver.cpp, line 759]
Event: 35.484 Thread 0x000001b321a00360 Exception <a 'java/lang/NoSuchMethodError'{0x00000000ef2daec8}: 'java.lang.Object java.lang.invoke.DirectMethodHandle$Holder.invokeInterface(java.lang.Object, java.lang.Object)'> (0x00000000ef2daec8) 
thrown [s\open\src\hotspot\share\interpreter\linkResolver.cpp, line 759]
Event: 38.644 Thread 0x000001b321a00360 Exception <a 'java/lang/NoSuchMethodError'{0x00000000eedd92e8}: 'java.lang.Object java.lang.invoke.DirectMethodHandle$Holder.invokeStaticInit(java.lang.Object, int, int, int, int)'> (0x00000000eedd92e8) 
thrown [s\open\src\hotspot\share\interpreter\linkResolver.cpp, line 759]
Event: 39.877 Thread 0x000001b321a00360 Exception <a 'java/lang/NoSuchMethodError'{0x00000000eec68f10}: 'java.lang.Object java.lang.invoke.DirectMethodHandle$Holder.invokeStaticInit(java.lang.Object, java.lang.Object, int, int, int, int)'> (0x00000000eec68f10) 
thrown [s\open\src\hotspot\share\interpreter\linkResolver.cpp, line 759]
Event: 46.914 Thread 0x000001b321a00360 Exception <a 'java/lang/NoSuchMethodError'{0x00000000eeb61d20}: 'void java.lang.invoke.DirectMethodHandle$Holder.invokeStatic(java.lang.Object, java.lang.Object, java.lang.Object)'> (0x00000000eeb61d20) 
thrown [s\open\src\hotspot\share\interpreter\linkResolver.cpp, line 759]
Event: 48.654 Thread 0x000001b321a00360 Exception <a 'java/io/IOException'{0x00000000eea9b7d0}> (0x00000000eea9b7d0) 
thrown [s\open\src\hotspot\share\prims\jni.cpp, line 516]
Event: 55.761 Thread 0x000001b34e87e020 Exception <a 'java/lang/NoSuchMethodError'{0x00000000ee75d258}: static Lorg/gradle/tooling/internal/provider/serialization/ClassLoaderDetails;.<clinit>()V> (0x00000000ee75d258) 
thrown [s\open\src\hotspot\share\prims\jni.cpp, line 1107]
Event: 55.766 Thread 0x000001b34e87e020 Exception <a 'java/lang/NoSuchMethodError'{0x00000000ee773db8}: static Lorg/gradle/internal/classloader/ClassLoaderSpec;.<clinit>()V> (0x00000000ee773db8) 
thrown [s\open\src\hotspot\share\prims\jni.cpp, line 1107]
Event: 55.769 Thread 0x000001b34e87e020 Exception <a 'java/lang/NoSuchMethodError'{0x00000000ee77cf10}: static Lorg/gradle/tooling/internal/provider/serialization/WellKnownClassLoaderRegistry$KnownClassLoaderSpec;.<clinit>()V> (0x00000000ee77cf10) 
thrown [s\open\src\hotspot\share\prims\jni.cpp, line 1107]
Event: 55.774 Thread 0x000001b34e87e020 Exception <a 'java/lang/NoSuchMethodError'{0x00000000ee791bf0}: static Lorg/gradle/tooling/internal/provider/serialization/ClientOwnedClassLoaderSpec;.<clinit>()V> (0x00000000ee791bf0) 
thrown [s\open\src\hotspot\share\prims\jni.cpp, line 1107]
Event: 60.358 Thread 0x000001b34f3cff80 Exception <a 'java/lang/NoSuchMethodError'{0x00000000ee047ba0}: 'long java.lang.invoke.DirectMethodHandle$Holder.invokeInterface(java.lang.Object, java.lang.Object)'> (0x00000000ee047ba0) 
thrown [s\open\src\hotspot\share\interpreter\linkResolver.cpp, line 759]
Event: 60.403 Thread 0x000001b34f3cff80 Exception <a 'java/lang/NoSuchMethodError'{0x00000000ee07f840}: 'java.lang.Object java.lang.invoke.DirectMethodHandle$Holder.invokeVirtual(java.lang.Object, java.lang.Object, java.lang.Object)'> (0x00000000ee07f840) 
thrown [s\open\src\hotspot\share\interpreter\linkResolver.cpp, line 759]
Event: 60.805 Thread 0x000001b34f3cff80 Exception <a 'java/lang/NoSuchMethodError'{0x00000000edcd25b8}: 'java.lang.Object java.lang.invoke.DirectMethodHandle$Holder.newInvokeSpecial(java.lang.Object, java.lang.Object, java.lang.Object, java.lang.Object, java.lang.Object)'> (0x00000000edcd25b8) 
thrown [s\open\src\hotspot\share\interpreter\linkResolver.cpp, line 759]
Event: 61.006 Thread 0x000001b34f3cff80 Exception <a 'java/lang/NoSuchMethodError'{0x00000000eda770f0}: 'void java.lang.invoke.DirectMethodHandle$Holder.invokeSpecial(java.lang.Object, java.lang.Object, java.lang.Object)'> (0x00000000eda770f0) 
thrown [s\open\src\hotspot\share\interpreter\linkResolver.cpp, line 759]
Event: 61.075 Thread 0x000001b34f3cff80 Exception <a 'java/lang/NoSuchMethodError'{0x00000000edaf7c00}: 'java.lang.Object java.lang.invoke.DirectMethodHandle$Holder.newInvokeSpecial(java.lang.Object, java.lang.Object, java.lang.Object, java.lang.Object, java.lang.Object, java.lang.Object)'> (0x00000000edaf7c00) 
thrown [s\open\src\hotspot\share\interpreter\linkResolver.cpp, line 759]
Event: 61.078 Thread 0x000001b34f3cff80 Exception <a 'java/lang/NoSuchMethodError'{0x00000000ed904e60}: 'void java.lang.invoke.DirectMethodHandle$Holder.invokeSpecial(java.lang.Object, java.lang.Object, java.lang.Object, java.lang.Object, java.lang.Object)'> (0x00000000ed904e60) 
thrown [s\open\src\hotspot\share\interpreter\linkResolver.cpp, line 759]
Event: 61.556 Thread 0x000001b34f3cff80 Exception <a 'java/lang/NoSuchMethodError'{0x00000000ed78e000}: 'void java.lang.invoke.DelegatingMethodHandle$Holder.reinvoke_L(java.lang.Object, java.lang.Object, java.lang.Object, java.lang.Object, java.lang.Object, java.lang.Object, java.lang.Object, java.lang.Object, java.lang.Object, java.lang.Object, java.lang.Object)'> (0x00000000ed78e000) 
thrown [s\open\src\hotspot\share\interpreter\linkResolver.cpp, line 759]
Event: 61.957 Thread 0x000001b34f3cff80 Exception <a 'java/lang/NoSuchMethodError'{0x00000000ed796b00}: 'java.lang.Object java.lang.invoke.DirectMethodHandle$Holder.invokeSpecial(java.lang.Object, java.lang.Object, java.lang.Object, java.lang.Object, java.lang.Object, java.lang.Object, java.lang.Object, java.lang.Object, java.lang.Object, java.lang.Object, java.lang.Object)'> (0x00000000ed796b00) 
thrown [s\open\src\hotspot\share\interpreter\linkResolver.cpp, line 759]
Event: 62.128 Thread 0x000001b34f3cff80 Exception <a 'java/lang/NoSuchMethodError'{0x00000000ed79b5c8}: 'java.lang.Object java.lang.invoke.Invokers$Holder.invoker(java.lang.Object, java.lang.Object, java.lang.Object, java.lang.Object, java.lang.Object, java.lang.Object, java.lang.Object, java.lang.Object, java.lang.Object, java.lang.Object, java.lang.Object)'> (0x00000000ed79b5c8) 
thrown [s\open\src\hotspot\share\interpreter\linkResolver.cpp, line 759]
Event: 62.128 Thread 0x000001b34f3cff80 Exception <a 'java/lang/NoSuchMethodError'{0x00000000ed7a13c0}: 'java.lang.Object java.lang.invoke.DirectMethodHandle$Holder.invokeSpecial(java.lang.Object, java.lang.Object, java.lang.Object, java.lang.Object, java.lang.Object, java.lang.Object, java.lang.Object, java.lang.Object, java.lang.Object, java.lang.Object, java.lang.Object, java.lang.Object)'> (0x00000000ed7a13c0) 
thrown [s\open\src\hotspot\share\interpreter\linkResolver.cpp, line 759]

VM Operations (20 events):
Event: 52.482 Executing VM operation: HandshakeAllThreads
Event: 52.482 Executing VM operation: HandshakeAllThreads done
Event: 53.517 Executing VM operation: Cleanup
Event: 53.591 Executing VM operation: Cleanup done
Event: 54.600 Executing VM operation: Cleanup
Event: 54.647 Executing VM operation: Cleanup done
Event: 55.661 Executing VM operation: Cleanup
Event: 55.739 Executing VM operation: Cleanup done
Event: 56.752 Executing VM operation: Cleanup
Event: 56.752 Executing VM operation: Cleanup done
Event: 57.766 Executing VM operation: Cleanup
Event: 57.766 Executing VM operation: Cleanup done
Event: 59.771 Executing VM operation: Cleanup
Event: 59.803 Executing VM operation: Cleanup done
Event: 60.160 Executing VM operation: HandshakeAllThreads
Event: 60.160 Executing VM operation: HandshakeAllThreads done
Event: 61.163 Executing VM operation: Cleanup
Event: 61.163 Executing VM operation: Cleanup done
Event: 62.165 Executing VM operation: Cleanup
Event: 62.234 Executing VM operation: Cleanup done

Events (20 events):
Event: 60.840 loading class jdk/internal/vm/annotation/IntrinsicCandidate
Event: 60.841 loading class jdk/internal/vm/annotation/IntrinsicCandidate done
Event: 60.847 loading class java/util/stream/MatchOps$MatchKind
Event: 60.847 loading class java/util/stream/MatchOps$MatchKind done
Event: 60.848 loading class java/util/stream/MatchOps
Event: 60.848 loading class java/util/stream/MatchOps done
Event: 60.848 loading class java/util/stream/MatchOps$MatchOp
Event: 60.848 loading class java/util/stream/MatchOps$MatchOp done
Event: 60.848 loading class java/util/stream/MatchOps$BooleanTerminalSink
Event: 60.848 loading class java/util/stream/MatchOps$BooleanTerminalSink done
Event: 60.851 loading class java/util/stream/MatchOps$1MatchSink
Event: 60.852 loading class java/util/stream/MatchOps$1MatchSink done
Event: 61.082 loading class java/lang/invoke/MethodHandle$1
Event: 61.082 loading class java/lang/invoke/MethodHandle$1 done
Event: 61.181 loading class java/util/ConcurrentModificationException
Event: 61.181 loading class java/util/ConcurrentModificationException done
Event: 61.363 loading class sun/reflect/generics/scope/ConstructorScope
Event: 61.363 loading class sun/reflect/generics/scope/ConstructorScope done
Event: 61.363 loading class sun/reflect/generics/tree/VoidDescriptor
Event: 61.363 loading class sun/reflect/generics/tree/VoidDescriptor done


Dynamic libraries:
0x00007ff6ba130000 - 0x00007ff6ba140000 	C:\Program Files\Java\jdk-17\bin\java.exe
0x00007ffc55ad0000 - 0x00007ffc55ce6000 	C:\WINDOWS\SYSTEM32\ntdll.dll
0x00007ffc54a50000 - 0x00007ffc54b14000 	C:\WINDOWS\System32\KERNEL32.DLL
0x00007ffc53300000 - 0x00007ffc536a6000 	C:\WINDOWS\System32\KERNELBASE.dll
0x00007ffc52e10000 - 0x00007ffc52f21000 	C:\WINDOWS\System32\ucrtbase.dll
0x00007ffc2c480000 - 0x00007ffc2c499000 	C:\Program Files\Java\jdk-17\bin\jli.dll
0x00007ffc54810000 - 0x00007ffc548c2000 	C:\WINDOWS\System32\ADVAPI32.dll
0x00007ffc54080000 - 0x00007ffc54127000 	C:\WINDOWS\System32\msvcrt.dll
0x00007ffc559e0000 - 0x00007ffc55a88000 	C:\WINDOWS\System32\sechost.dll
0x00007ffc52fd0000 - 0x00007ffc52ff8000 	C:\WINDOWS\System32\bcrypt.dll
0x00007ffc54fa0000 - 0x00007ffc550b5000 	C:\WINDOWS\System32\RPCRT4.dll
0x00007ffc544d0000 - 0x00007ffc5467d000 	C:\WINDOWS\System32\USER32.dll
0x00007ffc53080000 - 0x00007ffc530a6000 	C:\WINDOWS\System32\win32u.dll
0x00007ffc54a20000 - 0x00007ffc54a49000 	C:\WINDOWS\System32\GDI32.dll
0x00007ffc53170000 - 0x00007ffc53288000 	C:\WINDOWS\System32\gdi32full.dll
0x00007ffc52f30000 - 0x00007ffc52fca000 	C:\WINDOWS\System32\msvcp_win.dll
0x00007ffc2bc70000 - 0x00007ffc2bc8b000 	C:\Program Files\Java\jdk-17\bin\VCRUNTIME140.dll
0x00007ffc40660000 - 0x00007ffc408f3000 	C:\WINDOWS\WinSxS\amd64_microsoft.windows.common-controls_6595b64144ccf1df_6.0.22621.3235_none_270f74e173860f98\COMCTL32.dll
0x00007ffc43a00000 - 0x00007ffc43a0a000 	C:\WINDOWS\SYSTEM32\VERSION.dll
0x00007ffc547c0000 - 0x00007ffc547f1000 	C:\WINDOWS\System32\IMM32.DLL
0x00007ffc43eb0000 - 0x00007ffc43ebc000 	C:\Program Files\Java\jdk-17\bin\vcruntime140_1.dll
0x00007ffc18a40000 - 0x00007ffc18ace000 	C:\Program Files\Java\jdk-17\bin\msvcp140.dll
0x00007ffbcef50000 - 0x00007ffbcfb2f000 	C:\Program Files\Java\jdk-17\bin\server\jvm.dll
0x00007ffc55150000 - 0x00007ffc55158000 	C:\WINDOWS\System32\PSAPI.DLL
0x00007ffc47cd0000 - 0x00007ffc47cd9000 	C:\WINDOWS\SYSTEM32\WSOCK32.dll
0x00007ffc550d0000 - 0x00007ffc55141000 	C:\WINDOWS\System32\WS2_32.dll
0x00007ffc47c40000 - 0x00007ffc47c74000 	C:\WINDOWS\SYSTEM32\WINMM.dll
0x00007ffc51e10000 - 0x00007ffc51e28000 	C:\WINDOWS\SYSTEM32\kernel.appcore.dll
0x00007ffc33540000 - 0x00007ffc3354a000 	C:\Program Files\Java\jdk-17\bin\jimage.dll
0x00007ffc50700000 - 0x00007ffc50933000 	C:\WINDOWS\SYSTEM32\DBGHELP.DLL
0x00007ffc54140000 - 0x00007ffc544c8000 	C:\WINDOWS\System32\combase.dll
0x00007ffc55200000 - 0x00007ffc552d7000 	C:\WINDOWS\System32\OLEAUT32.dll
0x00007ffc41650000 - 0x00007ffc41682000 	C:\WINDOWS\SYSTEM32\dbgcore.DLL
0x00007ffc53000000 - 0x00007ffc5307a000 	C:\WINDOWS\System32\bcryptPrimitives.dll
0x00007ffc2bc40000 - 0x00007ffc2bc65000 	C:\Program Files\Java\jdk-17\bin\java.dll
0x00007ffc14c40000 - 0x00007ffc14d17000 	C:\Program Files\Java\jdk-17\bin\jsvml.dll
0x00007ffc53820000 - 0x00007ffc5407d000 	C:\WINDOWS\System32\SHELL32.dll
0x00007ffc50d20000 - 0x00007ffc51618000 	C:\WINDOWS\SYSTEM32\windows.storage.dll
0x00007ffc50be0000 - 0x00007ffc50d1e000 	C:\WINDOWS\SYSTEM32\wintypes.dll
0x00007ffc54c80000 - 0x00007ffc54d73000 	C:\WINDOWS\System32\SHCORE.dll
0x00007ffc552e0000 - 0x00007ffc5533e000 	C:\WINDOWS\System32\shlwapi.dll
0x00007ffc52d40000 - 0x00007ffc52d66000 	C:\WINDOWS\SYSTEM32\profapi.dll
0x00007ffc2b000000 - 0x00007ffc2b019000 	C:\Program Files\Java\jdk-17\bin\net.dll
0x00007ffc4a5b0000 - 0x00007ffc4a6e7000 	C:\WINDOWS\SYSTEM32\WINHTTP.dll
0x00007ffc52290000 - 0x00007ffc522f9000 	C:\WINDOWS\system32\mswsock.dll
0x00007ffc2af60000 - 0x00007ffc2af76000 	C:\Program Files\Java\jdk-17\bin\nio.dll
0x00007ffc2ad50000 - 0x00007ffc2ad68000 	C:\Program Files\Java\jdk-17\bin\zip.dll
0x00007ffc33480000 - 0x00007ffc33490000 	C:\Program Files\Java\jdk-17\bin\verify.dll
0x00007ffc264f0000 - 0x00007ffc26517000 	C:\Users\frazi\.gradle\native\68d5fa5c4cc2d200863cafc0d521ce42e7d3e7ee720ec0a83991735586a16f82\windows-amd64\native-platform.dll
0x00007ffc0bb00000 - 0x00007ffc0bc44000 	C:\Users\frazi\.gradle\native\e376f236ea51e6404a007f0833ffe2c6e607c4080706a723a18a27aeea778392\windows-amd64\native-platform-file-events.dll
0x00007ffc2e240000 - 0x00007ffc2e24a000 	C:\Program Files\Java\jdk-17\bin\management.dll
0x00007ffc2da20000 - 0x00007ffc2da2b000 	C:\Program Files\Java\jdk-17\bin\management_ext.dll
0x00007ffc524d0000 - 0x00007ffc524eb000 	C:\WINDOWS\SYSTEM32\CRYPTSP.dll
0x00007ffc51d70000 - 0x00007ffc51da5000 	C:\WINDOWS\system32\rsaenh.dll
0x00007ffc52360000 - 0x00007ffc5238c000 	C:\WINDOWS\SYSTEM32\USERENV.dll
0x00007ffc524f0000 - 0x00007ffc524fc000 	C:\WINDOWS\SYSTEM32\CRYPTBASE.dll
0x00007ffc518c0000 - 0x00007ffc518ed000 	C:\WINDOWS\SYSTEM32\IPHLPAPI.DLL
0x00007ffc550c0000 - 0x00007ffc550c9000 	C:\WINDOWS\System32\NSI.dll
0x00007ffc4a4e0000 - 0x00007ffc4a4f9000 	C:\WINDOWS\SYSTEM32\dhcpcsvc6.DLL
0x00007ffc4a4c0000 - 0x00007ffc4a4df000 	C:\WINDOWS\SYSTEM32\dhcpcsvc.DLL
0x00007ffc518f0000 - 0x00007ffc519e9000 	C:\WINDOWS\SYSTEM32\DNSAPI.dll
0x00007ffc4dd90000 - 0x00007ffc4dd9e000 	C:\Program Files\Java\jdk-17\bin\sunmscapi.dll
0x00007ffc536b0000 - 0x00007ffc53816000 	C:\WINDOWS\System32\CRYPT32.dll
0x00007ffc526e0000 - 0x00007ffc5270e000 	C:\WINDOWS\SYSTEM32\ncrypt.dll
0x00007ffc526a0000 - 0x00007ffc526d7000 	C:\WINDOWS\SYSTEM32\NTASN1.dll
0x00007ffc401a0000 - 0x00007ffc401a8000 	C:\WINDOWS\system32\wshunix.dll

dbghelp: loaded successfully - version: 4.0.5 - missing functions: none
symbol engine: initialized successfully - sym options: 0x614 - pdb path: .;C:\Program Files\Java\jdk-17\bin;C:\WINDOWS\SYSTEM32;C:\WINDOWS\WinSxS\amd64_microsoft.windows.common-controls_6595b64144ccf1df_6.0.22621.3235_none_270f74e173860f98;C:\Program Files\Java\jdk-17\bin\server;C:\Users\frazi\.gradle\native\68d5fa5c4cc2d200863cafc0d521ce42e7d3e7ee720ec0a83991735586a16f82\windows-amd64;C:\Users\frazi\.gradle\native\e376f236ea51e6404a007f0833ffe2c6e607c4080706a723a18a27aeea778392\windows-amd64

VM Arguments:
jvm_args: --add-opens=java.base/java.util=ALL-UNNAMED --add-opens=java.base/java.lang=ALL-UNNAMED --add-opens=java.base/java.lang.invoke=ALL-UNNAMED --add-opens=java.prefs/java.util.prefs=ALL-UNNAMED --add-opens=java.base/java.nio.charset=ALL-UNNAMED --add-opens=java.base/java.net=ALL-UNNAMED --add-opens=java.base/java.util.concurrent.atomic=ALL-UNNAMED -XX:MaxMetaspaceSize=256m -XX:+HeapDumpOnOutOfMemoryError -Xms256m -Xmx512m -Dfile.encoding=windows-1252 -Duser.country=US -Duser.language=en -Duser.variant 
java_command: org.gradle.launcher.daemon.bootstrap.GradleDaemon 8.0
java_class_path (initial): C:\Users\frazi\.gradle\wrapper\dists\gradle-8.0-bin\ca5e32bp14vu59qr306oxotwh\gradle-8.0\lib\gradle-launcher-8.0.jar
Launcher Type: SUN_STANDARD

[Global flags]
     intx CICompilerCount                          = 3                                         {product} {ergonomic}
   size_t CompressedClassSpaceSize                 = 218103808                                 {product} {ergonomic}
     uint ConcGCThreads                            = 1                                         {product} {ergonomic}
     uint G1ConcRefinementThreads                  = 4                                         {product} {ergonomic}
   size_t G1HeapRegionSize                         = 1048576                                   {product} {ergonomic}
    uintx GCDrainStackTargetSize                   = 64                                        {product} {ergonomic}
     bool HeapDumpOnOutOfMemoryError               = true                                   {manageable} {command line}
   size_t InitialHeapSize                          = 268435456                                 {product} {command line}
   size_t MarkStackSize                            = 4194304                                   {product} {ergonomic}
   size_t MaxHeapSize                              = 536870912                                 {product} {command line}
   size_t MaxMetaspaceSize                         = 268435456                                 {product} {command line}
   size_t MaxNewSize                               = 321912832                                 {product} {ergonomic}
   size_t MinHeapDeltaBytes                        = 1048576                                   {product} {ergonomic}
   size_t MinHeapSize                              = 268435456                                 {product} {command line}
    uintx NonNMethodCodeHeapSize                   = 5832780                                {pd product} {ergonomic}
    uintx NonProfiledCodeHeapSize                  = 122912730                              {pd product} {ergonomic}
    uintx ProfiledCodeHeapSize                     = 122912730                              {pd product} {ergonomic}
    uintx ReservedCodeCacheSize                    = 251658240                              {pd product} {ergonomic}
     bool SegmentedCodeCache                       = true                                      {product} {ergonomic}
   size_t SoftMaxHeapSize                          = 536870912                              {manageable} {ergonomic}
     bool UseCompressedClassPointers               = true                           {product lp64_product} {ergonomic}
     bool UseCompressedOops                        = true                           {product lp64_product} {ergonomic}
     bool UseG1GC                                  = true                                      {product} {ergonomic}
     bool UseLargePagesIndividualAllocation        = false                                  {pd product} {ergonomic}

Logging:
Log output configuration:
 #0: stdout all=warning uptime,level,tags
 #1: stderr all=off uptime,level,tags

Environment Variables:
PATH=C:\Program Files\Common Files\Oracle\Java\javapath;C:\WINDOWS\system32;C:\WINDOWS;C:\WINDOWS\System32\Wbem;C:\WINDOWS\System32\WindowsPowerShell\v1.0\;C:\WINDOWS\System32\OpenSSH\;C:\Program Files\Git\cmd;C:\Program Files\nodejs\;C:\Users\frazi\AppData\Local\Microsoft\WindowsApps;C:\Users\frazi\AppData\Local\Programs\Microsoft VS Code\bin;C:\Users\frazi\AppData\Roaming\npm;C:\Users\frazi\AppData\Local\GitHubDesktop\bin;C:\Program Files\JetBrains\IntelliJ IDEA Community Edition 2023.3.6\bin;
USERNAME=frazi
OS=Windows_NT
PROCESSOR_IDENTIFIER=Intel64 Family 6 Model 126 Stepping 5, GenuineIntel



---------------  S Y S T E M  ---------------

OS:
 Windows 11 , 64 bit Build 22621 (10.0.22621.3235)
OS uptime: 0 days 0:38 hours
Hyper-V role detected

CPU: total 4 (initial active 4) (2 cores per cpu, 2 threads per core) family 6 model 126 stepping 5 microcode 0xba, cx8, cmov, fxsr, ht, mmx, 3dnowpref, sse, sse2, sse3, ssse3, sse4.1, sse4.2, popcnt, lzcnt, tsc, tscinvbit, avx, avx2, aes, erms, clmul, bmi1, bmi2, adx, avx512f, avx512dq, avx512cd, avx512bw, avx512vl, sha, fma, vzeroupper, avx512_vpopcntdq, avx512_vpclmulqdq, avx512_vaes, avx512_vnni, clflush, clflushopt, avx512_vbmi2, avx512_vbmi, hv

Memory: 4k page, system-wide physical 3838M (69M free)
TotalPageFile size 15614M (AvailPageFile size 21M)
current process WorkingSet (physical memory assigned to process): 73M, peak: 74M
current process commit charge ("private bytes"): 375M, peak: 375M

vm_info: Java HotSpot(TM) 64-Bit Server VM (17.0.10+11-LTS-240) for windows-amd64 JRE (17.0.10+11-LTS-240), built on Dec 19 2023 21:47:25 by "mach5one" with MS VC++ 17.1 (VS2022)

END.
